<?xml version="1.0" encoding="UTF-8"?>
<testng-results ignored="0" total="2" passed="2" failed="0" skipped="0">
  <reporter-output>
  </reporter-output>
  <suite started-at="2025-03-20T13:29:21 IST" name="Suite" finished-at="2025-03-20T13:29:21 IST" duration-ms="65">
    <groups>
    </groups>
    <test started-at="2025-03-20T13:29:21 IST" name="Test" finished-at="2025-03-20T13:29:21 IST" duration-ms="65">
      <class name="pkg2.createOrgTest">
        <test-method signature="createOrg()[pri:0, instance:pkg2.createOrgTest@130161f7]" started-at="2025-03-20T13:29:21 IST" name="createOrg" finished-at="2025-03-20T13:29:21 IST" duration-ms="8" status="PASS">
          <reporter-output>
          </reporter-output>
        </test-method> <!-- createOrg -->
        <test-method signature="modifycreateOrg()[pri:0, instance:pkg2.createOrgTest@130161f7]" started-at="2025-03-20T13:29:21 IST" name="modifycreateOrg" finished-at="2025-03-20T13:29:21 IST" duration-ms="1" status="PASS">
          <reporter-output>
          </reporter-output>
        </test-method> <!-- modifycreateOrg -->
      </class> <!-- pkg2.createOrgTest -->
    </test> <!-- Test -->
  </suite> <!-- Suite -->
</testng-results>
