<?xml version="1.0" encoding="UTF-8"?>
<!-- Generated by org.testng.reporters.JUnitXMLReporter -->
<testsuite ignored="0" hostname="DESKTOP-L8HLN3U" failures="0" tests="4" name="Surefire test" time="0.084" errors="0" timestamp="2025-03-20T13:17:22 IST">
  <testcase classname="pkg1.createContactTest" name="createContact" time="0.007"/>
  <testcase classname="pkg1.createContactTest" name="modifycreateContact" time="0.002"/>
  <testcase classname="pkg2.createOrgTest" name="createOrg" time="0.001"/>
  <testcase classname="pkg2.createOrgTest" name="modifycreateOrg" time="0.001"/>
</testsuite> <!-- Surefire test -->
